<?xml version="1.0" encoding="UTF-8"?>
<!-- Generated by org.testng.reporters.JUnitReportReporter -->
<testsuite hostname="DESKTOP-9FFJG1J" failures="0" tests="1" name="TestCase.TC_001" time="8.038" errors="0" timestamp="2025-07-25T01:02:59 IST" skipped="0">
  <testcase classname="TestCase.TC_001" name="verifyLoginPage" time="8.038"/>
</testsuite> <!-- TestCase.TC_001 -->
